{"C:\\Users\\user\\alchemy\\bootcamp-three\\week-three\\labs\\More-Mongo-Aggregations\\lib\\app.js": {"path":"C:\\Users\\user\\alchemy\\bootcamp-three\\week-three\\labs\\More-Mongo-Aggregations\\lib\\app.js","statementMap":{"0":{"start":{"line":1,"column":16},"end":{"line":1,"column":34}},"1":{"start":{"line":2,"column":12},"end":{"line":2,"column":21}},"2":{"start":{"line":4,"column":0},"end":{"line":4,"column":24}},"3":{"start":{"line":6,"column":0},"end":{"line":6,"column":59}},"4":{"start":{"line":7,"column":0},"end":{"line":7,"column":67}},"5":{"start":{"line":9,"column":0},"end":{"line":9,"column":43}},"6":{"start":{"line":10,"column":0},"end":{"line":10,"column":39}},"7":{"start":{"line":12,"column":0},"end":{"line":12,"column":21}}},"fnMap":{},"branchMap":{},"s":{"0":2,"1":2,"2":2,"3":2,"4":2,"5":2,"6":2,"7":2},"f":{},"b":{},"_coverageSchema":"43e27e138ebf9cfc5966b082cf9a028302ed4184","hash":"6fc3da4525c639b07cdbdba2d22502989da47313"}
,"C:\\Users\\user\\alchemy\\bootcamp-three\\week-three\\labs\\More-Mongo-Aggregations\\lib\\middleware\\decoderMiddleware.js": {"path":"C:\\Users\\user\\alchemy\\bootcamp-three\\week-three\\labs\\More-Mongo-Aggregations\\lib\\middleware\\decoderMiddleware.js","statementMap":{"0":{"start":{"line":1,"column":16},"end":{"line":1,"column":46}},"1":{"start":{"line":2,"column":13},"end":{"line":2,"column":36}},"2":{"start":{"line":5,"column":2},"end":{"line":21,"column":5}},"3":{"start":{"line":6,"column":4},"end":{"line":6,"column":105}},"4":{"start":{"line":6,"column":29},"end":{"line":6,"column":105}},"5":{"start":{"line":7,"column":4},"end":{"line":7,"column":116}},"6":{"start":{"line":7,"column":33},"end":{"line":7,"column":116}},"7":{"start":{"line":8,"column":4},"end":{"line":8,"column":105}},"8":{"start":{"line":8,"column":29},"end":{"line":8,"column":105}},"9":{"start":{"line":9,"column":4},"end":{"line":9,"column":118}},"10":{"start":{"line":9,"column":34},"end":{"line":9,"column":118}},"11":{"start":{"line":10,"column":4},"end":{"line":10,"column":108}},"12":{"start":{"line":10,"column":29},"end":{"line":10,"column":108}},"13":{"start":{"line":11,"column":4},"end":{"line":11,"column":108}},"14":{"start":{"line":11,"column":29},"end":{"line":11,"column":108}},"15":{"start":{"line":12,"column":4},"end":{"line":12,"column":88}},"16":{"start":{"line":12,"column":24},"end":{"line":12,"column":88}},"17":{"start":{"line":13,"column":4},"end":{"line":13,"column":104}},"18":{"start":{"line":13,"column":28},"end":{"line":13,"column":104}},"19":{"start":{"line":14,"column":4},"end":{"line":14,"column":96}},"20":{"start":{"line":14,"column":26},"end":{"line":14,"column":96}},"21":{"start":{"line":15,"column":4},"end":{"line":15,"column":132}},"22":{"start":{"line":15,"column":35},"end":{"line":15,"column":132}},"23":{"start":{"line":16,"column":4},"end":{"line":16,"column":116}},"24":{"start":{"line":16,"column":31},"end":{"line":16,"column":116}},"25":{"start":{"line":17,"column":4},"end":{"line":17,"column":144}},"26":{"start":{"line":17,"column":38},"end":{"line":17,"column":144}},"27":{"start":{"line":18,"column":4},"end":{"line":18,"column":112}},"28":{"start":{"line":18,"column":30},"end":{"line":18,"column":112}},"29":{"start":{"line":19,"column":4},"end":{"line":19,"column":136}},"30":{"start":{"line":19,"column":36},"end":{"line":19,"column":136}},"31":{"start":{"line":20,"column":4},"end":{"line":20,"column":128}},"32":{"start":{"line":20,"column":34},"end":{"line":20,"column":128}},"33":{"start":{"line":22,"column":2},"end":{"line":22,"column":14}},"34":{"start":{"line":25,"column":0},"end":{"line":25,"column":35}}},"fnMap":{"0":{"name":"decode","decl":{"start":{"line":4,"column":9},"end":{"line":4,"column":15}},"loc":{"start":{"line":4,"column":22},"end":{"line":23,"column":1}},"line":4},"1":{"name":"(anonymous_1)","decl":{"start":{"line":5,"column":15},"end":{"line":5,"column":16}},"loc":{"start":{"line":5,"column":28},"end":{"line":21,"column":3}},"line":5}},"branchMap":{"0":{"loc":{"start":{"line":6,"column":4},"end":{"line":6,"column":105}},"type":"if","locations":[{"start":{"line":6,"column":4},"end":{"line":6,"column":105}},{"start":{"line":6,"column":4},"end":{"line":6,"column":105}}],"line":6},"1":{"loc":{"start":{"line":7,"column":4},"end":{"line":7,"column":116}},"type":"if","locations":[{"start":{"line":7,"column":4},"end":{"line":7,"column":116}},{"start":{"line":7,"column":4},"end":{"line":7,"column":116}}],"line":7},"2":{"loc":{"start":{"line":8,"column":4},"end":{"line":8,"column":105}},"type":"if","locations":[{"start":{"line":8,"column":4},"end":{"line":8,"column":105}},{"start":{"line":8,"column":4},"end":{"line":8,"column":105}}],"line":8},"3":{"loc":{"start":{"line":9,"column":4},"end":{"line":9,"column":118}},"type":"if","locations":[{"start":{"line":9,"column":4},"end":{"line":9,"column":118}},{"start":{"line":9,"column":4},"end":{"line":9,"column":118}}],"line":9},"4":{"loc":{"start":{"line":10,"column":4},"end":{"line":10,"column":108}},"type":"if","locations":[{"start":{"line":10,"column":4},"end":{"line":10,"column":108}},{"start":{"line":10,"column":4},"end":{"line":10,"column":108}}],"line":10},"5":{"loc":{"start":{"line":11,"column":4},"end":{"line":11,"column":108}},"type":"if","locations":[{"start":{"line":11,"column":4},"end":{"line":11,"column":108}},{"start":{"line":11,"column":4},"end":{"line":11,"column":108}}],"line":11},"6":{"loc":{"start":{"line":12,"column":4},"end":{"line":12,"column":88}},"type":"if","locations":[{"start":{"line":12,"column":4},"end":{"line":12,"column":88}},{"start":{"line":12,"column":4},"end":{"line":12,"column":88}}],"line":12},"7":{"loc":{"start":{"line":13,"column":4},"end":{"line":13,"column":104}},"type":"if","locations":[{"start":{"line":13,"column":4},"end":{"line":13,"column":104}},{"start":{"line":13,"column":4},"end":{"line":13,"column":104}}],"line":13},"8":{"loc":{"start":{"line":14,"column":4},"end":{"line":14,"column":96}},"type":"if","locations":[{"start":{"line":14,"column":4},"end":{"line":14,"column":96}},{"start":{"line":14,"column":4},"end":{"line":14,"column":96}}],"line":14},"9":{"loc":{"start":{"line":15,"column":4},"end":{"line":15,"column":132}},"type":"if","locations":[{"start":{"line":15,"column":4},"end":{"line":15,"column":132}},{"start":{"line":15,"column":4},"end":{"line":15,"column":132}}],"line":15},"10":{"loc":{"start":{"line":16,"column":4},"end":{"line":16,"column":116}},"type":"if","locations":[{"start":{"line":16,"column":4},"end":{"line":16,"column":116}},{"start":{"line":16,"column":4},"end":{"line":16,"column":116}}],"line":16},"11":{"loc":{"start":{"line":17,"column":4},"end":{"line":17,"column":144}},"type":"if","locations":[{"start":{"line":17,"column":4},"end":{"line":17,"column":144}},{"start":{"line":17,"column":4},"end":{"line":17,"column":144}}],"line":17},"12":{"loc":{"start":{"line":18,"column":4},"end":{"line":18,"column":112}},"type":"if","locations":[{"start":{"line":18,"column":4},"end":{"line":18,"column":112}},{"start":{"line":18,"column":4},"end":{"line":18,"column":112}}],"line":18},"13":{"loc":{"start":{"line":19,"column":4},"end":{"line":19,"column":136}},"type":"if","locations":[{"start":{"line":19,"column":4},"end":{"line":19,"column":136}},{"start":{"line":19,"column":4},"end":{"line":19,"column":136}}],"line":19},"14":{"loc":{"start":{"line":20,"column":4},"end":{"line":20,"column":128}},"type":"if","locations":[{"start":{"line":20,"column":4},"end":{"line":20,"column":128}},{"start":{"line":20,"column":4},"end":{"line":20,"column":128}}],"line":20}},"s":{"0":2,"1":2,"2":6,"3":8,"4":1,"5":8,"6":0,"7":8,"8":1,"9":8,"10":0,"11":8,"12":1,"13":8,"14":1,"15":8,"16":1,"17":8,"18":1,"19":8,"20":1,"21":8,"22":1,"23":8,"24":1,"25":8,"26":1,"27":8,"28":0,"29":8,"30":1,"31":8,"32":1,"33":6,"34":2},"f":{"0":6,"1":8},"b":{"0":[1,7],"1":[0,8],"2":[1,7],"3":[0,8],"4":[1,7],"5":[1,7],"6":[1,7],"7":[1,7],"8":[1,7],"9":[1,7],"10":[1,7],"11":[1,7],"12":[0,8],"13":[1,7],"14":[1,7]},"_coverageSchema":"43e27e138ebf9cfc5966b082cf9a028302ed4184","hash":"3795b6b440fdf19d93419f49457f82a5a5f848ef"}
,"C:\\Users\\user\\alchemy\\bootcamp-three\\week-three\\labs\\More-Mongo-Aggregations\\lib\\middleware\\error.js": {"path":"C:\\Users\\user\\alchemy\\bootcamp-three\\week-three\\labs\\More-Mongo-Aggregations\\lib\\middleware\\error.js","statementMap":{"0":{"start":{"line":1,"column":17},"end":{"line":1,"column":36}},"1":{"start":{"line":4,"column":0},"end":{"line":20,"column":2}},"2":{"start":{"line":5,"column":15},"end":{"line":5,"column":32}},"3":{"start":{"line":7,"column":2},"end":{"line":10,"column":3}},"4":{"start":{"line":9,"column":4},"end":{"line":9,"column":17}},"5":{"start":{"line":12,"column":2},"end":{"line":12,"column":21}},"6":{"start":{"line":14,"column":2},"end":{"line":14,"column":19}},"7":{"start":{"line":16,"column":2},"end":{"line":19,"column":5}}},"fnMap":{"0":{"name":"(anonymous_0)","decl":{"start":{"line":4,"column":17},"end":{"line":4,"column":18}},"loc":{"start":{"line":4,"column":42},"end":{"line":20,"column":1}},"line":4}},"branchMap":{"0":{"loc":{"start":{"line":5,"column":15},"end":{"line":5,"column":32}},"type":"binary-expr","locations":[{"start":{"line":5,"column":15},"end":{"line":5,"column":25}},{"start":{"line":5,"column":29},"end":{"line":5,"column":32}}],"line":5},"1":{"loc":{"start":{"line":7,"column":2},"end":{"line":10,"column":3}},"type":"if","locations":[{"start":{"line":7,"column":2},"end":{"line":10,"column":3}},{"start":{"line":7,"column":2},"end":{"line":10,"column":3}}],"line":7},"2":{"loc":{"start":{"line":7,"column":5},"end":{"line":8,"column":43}},"type":"binary-expr","locations":[{"start":{"line":7,"column":5},"end":{"line":7,"column":50}},{"start":{"line":8,"column":4},"end":{"line":8,"column":43}}],"line":7}},"s":{"0":2,"1":2,"2":0,"3":0,"4":0,"5":0,"6":0,"7":0},"f":{"0":0},"b":{"0":[0,0],"1":[0,0],"2":[0,0]},"_coverageSchema":"43e27e138ebf9cfc5966b082cf9a028302ed4184","hash":"05317032929f1349fa9a1e76b2de405947ef32fb"}
,"C:\\Users\\user\\alchemy\\bootcamp-three\\week-three\\labs\\More-Mongo-Aggregations\\lib\\middleware\\not-found.js": {"path":"C:\\Users\\user\\alchemy\\bootcamp-three\\week-three\\labs\\More-Mongo-Aggregations\\lib\\middleware\\not-found.js","statementMap":{"0":{"start":{"line":1,"column":0},"end":{"line":5,"column":2}},"1":{"start":{"line":2,"column":14},"end":{"line":2,"column":36}},"2":{"start":{"line":3,"column":2},"end":{"line":3,"column":19}},"3":{"start":{"line":4,"column":2},"end":{"line":4,"column":12}}},"fnMap":{"0":{"name":"(anonymous_0)","decl":{"start":{"line":1,"column":17},"end":{"line":1,"column":18}},"loc":{"start":{"line":1,"column":37},"end":{"line":5,"column":1}},"line":1}},"branchMap":{},"s":{"0":2,"1":0,"2":0,"3":0},"f":{"0":0},"b":{},"_coverageSchema":"43e27e138ebf9cfc5966b082cf9a028302ed4184","hash":"eb126a2dc6101a03e8608bd0b0730223fa1bac05"}
,"C:\\Users\\user\\alchemy\\bootcamp-three\\week-three\\labs\\More-Mongo-Aggregations\\lib\\models\\SupremeCourtCases.js": {"path":"C:\\Users\\user\\alchemy\\bootcamp-three\\week-three\\labs\\More-Mongo-Aggregations\\lib\\models\\SupremeCourtCases.js","statementMap":{"0":{"start":{"line":1,"column":17},"end":{"line":1,"column":36}},"1":{"start":{"line":3,"column":15},"end":{"line":31,"column":2}},"2":{"start":{"line":33,"column":0},"end":{"line":59,"column":2}},"3":{"start":{"line":34,"column":2},"end":{"line":58,"column":5}},"4":{"start":{"line":61,"column":0},"end":{"line":77,"column":2}},"5":{"start":{"line":62,"column":2},"end":{"line":76,"column":5}},"6":{"start":{"line":79,"column":0},"end":{"line":88,"column":2}},"7":{"start":{"line":80,"column":2},"end":{"line":87,"column":5}},"8":{"start":{"line":90,"column":0},"end":{"line":90,"column":53}}},"fnMap":{"0":{"name":"(anonymous_0)","decl":{"start":{"line":33,"column":50},"end":{"line":33,"column":51}},"loc":{"start":{"line":33,"column":61},"end":{"line":59,"column":1}},"line":33},"1":{"name":"(anonymous_1)","decl":{"start":{"line":61,"column":34},"end":{"line":61,"column":35}},"loc":{"start":{"line":61,"column":45},"end":{"line":77,"column":1}},"line":61},"2":{"name":"(anonymous_2)","decl":{"start":{"line":79,"column":48},"end":{"line":79,"column":49}},"loc":{"start":{"line":79,"column":59},"end":{"line":88,"column":1}},"line":79}},"branchMap":{},"s":{"0":2,"1":2,"2":2,"3":0,"4":2,"5":0,"6":2,"7":0,"8":2},"f":{"0":0,"1":0,"2":0},"b":{},"_coverageSchema":"43e27e138ebf9cfc5966b082cf9a028302ed4184","hash":"a78c987eab5268c7cc04b408abd361425906b7fd"}
,"C:\\Users\\user\\alchemy\\bootcamp-three\\week-three\\labs\\More-Mongo-Aggregations\\lib\\routes\\supremeCourtCases.js": {"path":"C:\\Users\\user\\alchemy\\bootcamp-three\\week-three\\labs\\More-Mongo-Aggregations\\lib\\routes\\supremeCourtCases.js","statementMap":{"0":{"start":{"line":1,"column":19},"end":{"line":1,"column":37}},"1":{"start":{"line":2,"column":18},"end":{"line":2,"column":59}},"2":{"start":{"line":4,"column":0},"end":{"line":62,"column":5}},"3":{"start":{"line":6,"column":4},"end":{"line":9,"column":19}},"4":{"start":{"line":8,"column":25},"end":{"line":8,"column":46}},"5":{"start":{"line":13,"column":4},"end":{"line":16,"column":19}},"6":{"start":{"line":15,"column":26},"end":{"line":15,"column":46}},"7":{"start":{"line":20,"column":4},"end":{"line":23,"column":19}},"8":{"start":{"line":22,"column":26},"end":{"line":22,"column":46}},"9":{"start":{"line":27,"column":4},"end":{"line":30,"column":19}},"10":{"start":{"line":29,"column":26},"end":{"line":29,"column":46}},"11":{"start":{"line":34,"column":39},"end":{"line":34,"column":48}},"12":{"start":{"line":35,"column":4},"end":{"line":40,"column":19}},"13":{"start":{"line":39,"column":26},"end":{"line":39,"column":46}},"14":{"start":{"line":44,"column":4},"end":{"line":47,"column":19}},"15":{"start":{"line":46,"column":25},"end":{"line":46,"column":46}},"16":{"start":{"line":51,"column":4},"end":{"line":54,"column":19}},"17":{"start":{"line":53,"column":25},"end":{"line":53,"column":46}},"18":{"start":{"line":58,"column":4},"end":{"line":61,"column":19}},"19":{"start":{"line":60,"column":25},"end":{"line":60,"column":46}}},"fnMap":{"0":{"name":"(anonymous_0)","decl":{"start":{"line":5,"column":13},"end":{"line":5,"column":14}},"loc":{"start":{"line":5,"column":33},"end":{"line":10,"column":3}},"line":5},"1":{"name":"(anonymous_1)","decl":{"start":{"line":8,"column":12},"end":{"line":8,"column":13}},"loc":{"start":{"line":8,"column":25},"end":{"line":8,"column":46}},"line":8},"2":{"name":"(anonymous_2)","decl":{"start":{"line":12,"column":17},"end":{"line":12,"column":18}},"loc":{"start":{"line":12,"column":37},"end":{"line":17,"column":3}},"line":12},"3":{"name":"(anonymous_3)","decl":{"start":{"line":15,"column":12},"end":{"line":15,"column":13}},"loc":{"start":{"line":15,"column":26},"end":{"line":15,"column":46}},"line":15},"4":{"name":"(anonymous_4)","decl":{"start":{"line":19,"column":28},"end":{"line":19,"column":29}},"loc":{"start":{"line":19,"column":48},"end":{"line":24,"column":3}},"line":19},"5":{"name":"(anonymous_5)","decl":{"start":{"line":22,"column":12},"end":{"line":22,"column":13}},"loc":{"start":{"line":22,"column":26},"end":{"line":22,"column":46}},"line":22},"6":{"name":"(anonymous_6)","decl":{"start":{"line":26,"column":42},"end":{"line":26,"column":43}},"loc":{"start":{"line":26,"column":62},"end":{"line":31,"column":3}},"line":26},"7":{"name":"(anonymous_7)","decl":{"start":{"line":29,"column":12},"end":{"line":29,"column":13}},"loc":{"start":{"line":29,"column":26},"end":{"line":29,"column":46}},"line":29},"8":{"name":"(anonymous_8)","decl":{"start":{"line":33,"column":12},"end":{"line":33,"column":13}},"loc":{"start":{"line":33,"column":32},"end":{"line":41,"column":3}},"line":33},"9":{"name":"(anonymous_9)","decl":{"start":{"line":39,"column":12},"end":{"line":39,"column":13}},"loc":{"start":{"line":39,"column":26},"end":{"line":39,"column":46}},"line":39},"10":{"name":"(anonymous_10)","decl":{"start":{"line":43,"column":15},"end":{"line":43,"column":16}},"loc":{"start":{"line":43,"column":35},"end":{"line":48,"column":3}},"line":43},"11":{"name":"(anonymous_11)","decl":{"start":{"line":46,"column":12},"end":{"line":46,"column":13}},"loc":{"start":{"line":46,"column":25},"end":{"line":46,"column":46}},"line":46},"12":{"name":"(anonymous_12)","decl":{"start":{"line":50,"column":18},"end":{"line":50,"column":19}},"loc":{"start":{"line":50,"column":38},"end":{"line":55,"column":3}},"line":50},"13":{"name":"(anonymous_13)","decl":{"start":{"line":53,"column":12},"end":{"line":53,"column":13}},"loc":{"start":{"line":53,"column":25},"end":{"line":53,"column":46}},"line":53},"14":{"name":"(anonymous_14)","decl":{"start":{"line":57,"column":17},"end":{"line":57,"column":18}},"loc":{"start":{"line":57,"column":37},"end":{"line":62,"column":3}},"line":57},"15":{"name":"(anonymous_15)","decl":{"start":{"line":60,"column":12},"end":{"line":60,"column":13}},"loc":{"start":{"line":60,"column":25},"end":{"line":60,"column":46}},"line":60}},"branchMap":{"0":{"loc":{"start":{"line":34,"column":12},"end":{"line":34,"column":20}},"type":"default-arg","locations":[{"start":{"line":34,"column":19},"end":{"line":34,"column":20}}],"line":34},"1":{"loc":{"start":{"line":34,"column":22},"end":{"line":34,"column":34}},"type":"default-arg","locations":[{"start":{"line":34,"column":32},"end":{"line":34,"column":34}}],"line":34}},"s":{"0":2,"1":2,"2":2,"3":1,"4":1,"5":0,"6":0,"7":0,"8":0,"9":0,"10":0,"11":1,"12":1,"13":1,"14":2,"15":2,"16":1,"17":1,"18":1,"19":1},"f":{"0":1,"1":1,"2":0,"3":0,"4":0,"5":0,"6":0,"7":0,"8":1,"9":1,"10":2,"11":2,"12":1,"13":1,"14":1,"15":1},"b":{"0":[1],"1":[1]},"_coverageSchema":"43e27e138ebf9cfc5966b082cf9a028302ed4184","hash":"d661cf59a9519b02ead55d0b3501eb2577b1e6f5"}
,"C:\\Users\\user\\alchemy\\bootcamp-three\\week-three\\labs\\More-Mongo-Aggregations\\lib\\utils\\connect.js": {"path":"C:\\Users\\user\\alchemy\\bootcamp-three\\week-three\\labs\\More-Mongo-Aggregations\\lib\\utils\\connect.js","statementMap":{"0":{"start":{"line":1,"column":17},"end":{"line":1,"column":36}},"1":{"start":{"line":2,"column":18},"end":{"line":2,"column":32}},"2":{"start":{"line":4,"column":0},"end":{"line":25,"column":2}},"3":{"start":{"line":5,"column":2},"end":{"line":10,"column":5}},"4":{"start":{"line":12,"column":2},"end":{"line":16,"column":5}},"5":{"start":{"line":13,"column":22},"end":{"line":13,"column":32}},"6":{"start":{"line":14,"column":24},"end":{"line":14,"column":109}},"7":{"start":{"line":15,"column":4},"end":{"line":15,"column":58}},"8":{"start":{"line":18,"column":2},"end":{"line":20,"column":5}},"9":{"start":{"line":19,"column":4},"end":{"line":19,"column":45}},"10":{"start":{"line":22,"column":2},"end":{"line":24,"column":5}},"11":{"start":{"line":23,"column":4},"end":{"line":23,"column":47}}},"fnMap":{"0":{"name":"(anonymous_0)","decl":{"start":{"line":4,"column":17},"end":{"line":4,"column":18}},"loc":{"start":{"line":4,"column":52},"end":{"line":25,"column":1}},"line":4},"1":{"name":"(anonymous_1)","decl":{"start":{"line":12,"column":38},"end":{"line":12,"column":39}},"loc":{"start":{"line":12,"column":44},"end":{"line":16,"column":3}},"line":12},"2":{"name":"(anonymous_2)","decl":{"start":{"line":18,"column":41},"end":{"line":18,"column":42}},"loc":{"start":{"line":18,"column":47},"end":{"line":20,"column":3}},"line":18},"3":{"name":"(anonymous_3)","decl":{"start":{"line":22,"column":34},"end":{"line":22,"column":35}},"loc":{"start":{"line":22,"column":40},"end":{"line":24,"column":3}},"line":22}},"branchMap":{"0":{"loc":{"start":{"line":4,"column":18},"end":{"line":4,"column":47}},"type":"default-arg","locations":[{"start":{"line":4,"column":24},"end":{"line":4,"column":47}}],"line":4}},"s":{"0":2,"1":2,"2":2,"3":2,"4":2,"5":2,"6":2,"7":2,"8":2,"9":2,"10":2,"11":0},"f":{"0":2,"1":2,"2":2,"3":0},"b":{"0":[2]},"_coverageSchema":"43e27e138ebf9cfc5966b082cf9a028302ed4184","hash":"dbbfa8874f77f910f40a4c431084b268e1f6f17d"}
,"C:\\Users\\user\\alchemy\\bootcamp-three\\week-three\\labs\\More-Mongo-Aggregations\\lib\\utils\\decoder.js": {"path":"C:\\Users\\user\\alchemy\\bootcamp-three\\week-three\\labs\\More-Mongo-Aggregations\\lib\\utils\\decoder.js","statementMap":{"0":{"start":{"line":1,"column":0},"end":{"line":1275,"column":2}}},"fnMap":{},"branchMap":{},"s":{"0":2},"f":{},"b":{},"_coverageSchema":"43e27e138ebf9cfc5966b082cf9a028302ed4184","hash":"eaa3621f1458837df319a7c7c20b3a091116f7e9"}
}
