{"C:\\Users\\user\\alchemy\\bootcamp-three\\week-three\\labs\\More-Mongo-Aggregations\\lib\\app.js": {"path":"C:\\Users\\user\\alchemy\\bootcamp-three\\week-three\\labs\\More-Mongo-Aggregations\\lib\\app.js","statementMap":{"0":{"start":{"line":1,"column":16},"end":{"line":1,"column":34}},"1":{"start":{"line":2,"column":12},"end":{"line":2,"column":21}},"2":{"start":{"line":4,"column":0},"end":{"line":4,"column":24}},"3":{"start":{"line":6,"column":0},"end":{"line":6,"column":59}},"4":{"start":{"line":7,"column":0},"end":{"line":7,"column":67}},"5":{"start":{"line":9,"column":0},"end":{"line":9,"column":43}},"6":{"start":{"line":10,"column":0},"end":{"line":10,"column":39}},"7":{"start":{"line":12,"column":0},"end":{"line":12,"column":21}}},"fnMap":{},"branchMap":{},"s":{"0":2,"1":2,"2":2,"3":2,"4":2,"5":2,"6":2,"7":2},"f":{},"b":{},"_coverageSchema":"43e27e138ebf9cfc5966b082cf9a028302ed4184","hash":"6fc3da4525c639b07cdbdba2d22502989da47313"}
,"C:\\Users\\user\\alchemy\\bootcamp-three\\week-three\\labs\\More-Mongo-Aggregations\\lib\\middleware\\decoderMiddleware.js": {"path":"C:\\Users\\user\\alchemy\\bootcamp-three\\week-three\\labs\\More-Mongo-Aggregations\\lib\\middleware\\decoderMiddleware.js","statementMap":{"0":{"start":{"line":1,"column":16},"end":{"line":1,"column":46}},"1":{"start":{"line":2,"column":13},"end":{"line":2,"column":36}},"2":{"start":{"line":5,"column":2},"end":{"line":5,"column":88}},"3":{"start":{"line":5,"column":22},"end":{"line":5,"column":88}},"4":{"start":{"line":6,"column":2},"end":{"line":6,"column":99}},"5":{"start":{"line":6,"column":26},"end":{"line":6,"column":99}},"6":{"start":{"line":7,"column":2},"end":{"line":7,"column":88}},"7":{"start":{"line":7,"column":22},"end":{"line":7,"column":88}},"8":{"start":{"line":8,"column":2},"end":{"line":8,"column":101}},"9":{"start":{"line":8,"column":27},"end":{"line":8,"column":101}},"10":{"start":{"line":9,"column":2},"end":{"line":9,"column":91}},"11":{"start":{"line":9,"column":22},"end":{"line":9,"column":91}},"12":{"start":{"line":10,"column":2},"end":{"line":10,"column":91}},"13":{"start":{"line":10,"column":22},"end":{"line":10,"column":91}},"14":{"start":{"line":11,"column":2},"end":{"line":11,"column":71}},"15":{"start":{"line":11,"column":17},"end":{"line":11,"column":71}},"16":{"start":{"line":12,"column":2},"end":{"line":12,"column":87}},"17":{"start":{"line":12,"column":21},"end":{"line":12,"column":87}},"18":{"start":{"line":13,"column":2},"end":{"line":13,"column":79}},"19":{"start":{"line":13,"column":19},"end":{"line":13,"column":79}},"20":{"start":{"line":14,"column":2},"end":{"line":14,"column":115}},"21":{"start":{"line":14,"column":28},"end":{"line":14,"column":115}},"22":{"start":{"line":15,"column":2},"end":{"line":15,"column":99}},"23":{"start":{"line":15,"column":24},"end":{"line":15,"column":99}},"24":{"start":{"line":16,"column":2},"end":{"line":16,"column":127}},"25":{"start":{"line":16,"column":31},"end":{"line":16,"column":127}},"26":{"start":{"line":17,"column":2},"end":{"line":17,"column":95}},"27":{"start":{"line":17,"column":23},"end":{"line":17,"column":95}},"28":{"start":{"line":18,"column":2},"end":{"line":18,"column":119}},"29":{"start":{"line":18,"column":29},"end":{"line":18,"column":119}},"30":{"start":{"line":19,"column":2},"end":{"line":19,"column":111}},"31":{"start":{"line":19,"column":27},"end":{"line":19,"column":111}},"32":{"start":{"line":20,"column":2},"end":{"line":20,"column":14}},"33":{"start":{"line":23,"column":0},"end":{"line":23,"column":35}}},"fnMap":{"0":{"name":"decode","decl":{"start":{"line":4,"column":9},"end":{"line":4,"column":15}},"loc":{"start":{"line":4,"column":22},"end":{"line":21,"column":1}},"line":4}},"branchMap":{"0":{"loc":{"start":{"line":5,"column":2},"end":{"line":5,"column":88}},"type":"if","locations":[{"start":{"line":5,"column":2},"end":{"line":5,"column":88}},{"start":{"line":5,"column":2},"end":{"line":5,"column":88}}],"line":5},"1":{"loc":{"start":{"line":6,"column":2},"end":{"line":6,"column":99}},"type":"if","locations":[{"start":{"line":6,"column":2},"end":{"line":6,"column":99}},{"start":{"line":6,"column":2},"end":{"line":6,"column":99}}],"line":6},"2":{"loc":{"start":{"line":7,"column":2},"end":{"line":7,"column":88}},"type":"if","locations":[{"start":{"line":7,"column":2},"end":{"line":7,"column":88}},{"start":{"line":7,"column":2},"end":{"line":7,"column":88}}],"line":7},"3":{"loc":{"start":{"line":8,"column":2},"end":{"line":8,"column":101}},"type":"if","locations":[{"start":{"line":8,"column":2},"end":{"line":8,"column":101}},{"start":{"line":8,"column":2},"end":{"line":8,"column":101}}],"line":8},"4":{"loc":{"start":{"line":9,"column":2},"end":{"line":9,"column":91}},"type":"if","locations":[{"start":{"line":9,"column":2},"end":{"line":9,"column":91}},{"start":{"line":9,"column":2},"end":{"line":9,"column":91}}],"line":9},"5":{"loc":{"start":{"line":10,"column":2},"end":{"line":10,"column":91}},"type":"if","locations":[{"start":{"line":10,"column":2},"end":{"line":10,"column":91}},{"start":{"line":10,"column":2},"end":{"line":10,"column":91}}],"line":10},"6":{"loc":{"start":{"line":11,"column":2},"end":{"line":11,"column":71}},"type":"if","locations":[{"start":{"line":11,"column":2},"end":{"line":11,"column":71}},{"start":{"line":11,"column":2},"end":{"line":11,"column":71}}],"line":11},"7":{"loc":{"start":{"line":12,"column":2},"end":{"line":12,"column":87}},"type":"if","locations":[{"start":{"line":12,"column":2},"end":{"line":12,"column":87}},{"start":{"line":12,"column":2},"end":{"line":12,"column":87}}],"line":12},"8":{"loc":{"start":{"line":13,"column":2},"end":{"line":13,"column":79}},"type":"if","locations":[{"start":{"line":13,"column":2},"end":{"line":13,"column":79}},{"start":{"line":13,"column":2},"end":{"line":13,"column":79}}],"line":13},"9":{"loc":{"start":{"line":14,"column":2},"end":{"line":14,"column":115}},"type":"if","locations":[{"start":{"line":14,"column":2},"end":{"line":14,"column":115}},{"start":{"line":14,"column":2},"end":{"line":14,"column":115}}],"line":14},"10":{"loc":{"start":{"line":15,"column":2},"end":{"line":15,"column":99}},"type":"if","locations":[{"start":{"line":15,"column":2},"end":{"line":15,"column":99}},{"start":{"line":15,"column":2},"end":{"line":15,"column":99}}],"line":15},"11":{"loc":{"start":{"line":16,"column":2},"end":{"line":16,"column":127}},"type":"if","locations":[{"start":{"line":16,"column":2},"end":{"line":16,"column":127}},{"start":{"line":16,"column":2},"end":{"line":16,"column":127}}],"line":16},"12":{"loc":{"start":{"line":17,"column":2},"end":{"line":17,"column":95}},"type":"if","locations":[{"start":{"line":17,"column":2},"end":{"line":17,"column":95}},{"start":{"line":17,"column":2},"end":{"line":17,"column":95}}],"line":17},"13":{"loc":{"start":{"line":18,"column":2},"end":{"line":18,"column":119}},"type":"if","locations":[{"start":{"line":18,"column":2},"end":{"line":18,"column":119}},{"start":{"line":18,"column":2},"end":{"line":18,"column":119}}],"line":18},"14":{"loc":{"start":{"line":19,"column":2},"end":{"line":19,"column":111}},"type":"if","locations":[{"start":{"line":19,"column":2},"end":{"line":19,"column":111}},{"start":{"line":19,"column":2},"end":{"line":19,"column":111}}],"line":19}},"s":{"0":2,"1":2,"2":6,"3":1,"4":6,"5":0,"6":6,"7":1,"8":6,"9":0,"10":6,"11":1,"12":6,"13":1,"14":6,"15":1,"16":6,"17":1,"18":6,"19":1,"20":6,"21":1,"22":6,"23":1,"24":6,"25":1,"26":6,"27":0,"28":6,"29":1,"30":6,"31":1,"32":6,"33":2},"f":{"0":6},"b":{"0":[1,5],"1":[0,6],"2":[1,5],"3":[0,6],"4":[1,5],"5":[1,5],"6":[1,5],"7":[1,5],"8":[1,5],"9":[1,5],"10":[1,5],"11":[1,5],"12":[0,6],"13":[1,5],"14":[1,5]},"_coverageSchema":"43e27e138ebf9cfc5966b082cf9a028302ed4184","hash":"98ae0934957ae9acc33bf6bdb7d686caea93ade5"}
,"C:\\Users\\user\\alchemy\\bootcamp-three\\week-three\\labs\\More-Mongo-Aggregations\\lib\\middleware\\error.js": {"path":"C:\\Users\\user\\alchemy\\bootcamp-three\\week-three\\labs\\More-Mongo-Aggregations\\lib\\middleware\\error.js","statementMap":{"0":{"start":{"line":1,"column":17},"end":{"line":1,"column":36}},"1":{"start":{"line":4,"column":0},"end":{"line":20,"column":2}},"2":{"start":{"line":5,"column":15},"end":{"line":5,"column":32}},"3":{"start":{"line":7,"column":2},"end":{"line":10,"column":3}},"4":{"start":{"line":9,"column":4},"end":{"line":9,"column":17}},"5":{"start":{"line":12,"column":2},"end":{"line":12,"column":21}},"6":{"start":{"line":14,"column":2},"end":{"line":14,"column":19}},"7":{"start":{"line":16,"column":2},"end":{"line":19,"column":5}}},"fnMap":{"0":{"name":"(anonymous_0)","decl":{"start":{"line":4,"column":17},"end":{"line":4,"column":18}},"loc":{"start":{"line":4,"column":42},"end":{"line":20,"column":1}},"line":4}},"branchMap":{"0":{"loc":{"start":{"line":5,"column":15},"end":{"line":5,"column":32}},"type":"binary-expr","locations":[{"start":{"line":5,"column":15},"end":{"line":5,"column":25}},{"start":{"line":5,"column":29},"end":{"line":5,"column":32}}],"line":5},"1":{"loc":{"start":{"line":7,"column":2},"end":{"line":10,"column":3}},"type":"if","locations":[{"start":{"line":7,"column":2},"end":{"line":10,"column":3}},{"start":{"line":7,"column":2},"end":{"line":10,"column":3}}],"line":7},"2":{"loc":{"start":{"line":7,"column":5},"end":{"line":8,"column":43}},"type":"binary-expr","locations":[{"start":{"line":7,"column":5},"end":{"line":7,"column":50}},{"start":{"line":8,"column":4},"end":{"line":8,"column":43}}],"line":7}},"s":{"0":2,"1":2,"2":0,"3":0,"4":0,"5":0,"6":0,"7":0},"f":{"0":0},"b":{"0":[0,0],"1":[0,0],"2":[0,0]},"_coverageSchema":"43e27e138ebf9cfc5966b082cf9a028302ed4184","hash":"05317032929f1349fa9a1e76b2de405947ef32fb"}
,"C:\\Users\\user\\alchemy\\bootcamp-three\\week-three\\labs\\More-Mongo-Aggregations\\lib\\middleware\\not-found.js": {"path":"C:\\Users\\user\\alchemy\\bootcamp-three\\week-three\\labs\\More-Mongo-Aggregations\\lib\\middleware\\not-found.js","statementMap":{"0":{"start":{"line":1,"column":0},"end":{"line":5,"column":2}},"1":{"start":{"line":2,"column":14},"end":{"line":2,"column":36}},"2":{"start":{"line":3,"column":2},"end":{"line":3,"column":19}},"3":{"start":{"line":4,"column":2},"end":{"line":4,"column":12}}},"fnMap":{"0":{"name":"(anonymous_0)","decl":{"start":{"line":1,"column":17},"end":{"line":1,"column":18}},"loc":{"start":{"line":1,"column":37},"end":{"line":5,"column":1}},"line":1}},"branchMap":{},"s":{"0":2,"1":0,"2":0,"3":0},"f":{"0":0},"b":{},"_coverageSchema":"43e27e138ebf9cfc5966b082cf9a028302ed4184","hash":"eb126a2dc6101a03e8608bd0b0730223fa1bac05"}
,"C:\\Users\\user\\alchemy\\bootcamp-three\\week-three\\labs\\More-Mongo-Aggregations\\lib\\models\\SupremeCourtCases.js": {"path":"C:\\Users\\user\\alchemy\\bootcamp-three\\week-three\\labs\\More-Mongo-Aggregations\\lib\\models\\SupremeCourtCases.js","statementMap":{"0":{"start":{"line":1,"column":17},"end":{"line":1,"column":36}},"1":{"start":{"line":3,"column":15},"end":{"line":31,"column":2}},"2":{"start":{"line":33,"column":0},"end":{"line":55,"column":2}},"3":{"start":{"line":34,"column":2},"end":{"line":54,"column":5}},"4":{"start":{"line":57,"column":0},"end":{"line":57,"column":53}}},"fnMap":{"0":{"name":"(anonymous_0)","decl":{"start":{"line":33,"column":50},"end":{"line":33,"column":51}},"loc":{"start":{"line":33,"column":61},"end":{"line":55,"column":1}},"line":33}},"branchMap":{},"s":{"0":2,"1":2,"2":2,"3":0,"4":2},"f":{"0":0},"b":{},"_coverageSchema":"43e27e138ebf9cfc5966b082cf9a028302ed4184","hash":"f526ff447b1beb333095c70577d293fdbe9929e2"}
,"C:\\Users\\user\\alchemy\\bootcamp-three\\week-three\\labs\\More-Mongo-Aggregations\\lib\\routes\\supremeCourtCases.js": {"path":"C:\\Users\\user\\alchemy\\bootcamp-three\\week-three\\labs\\More-Mongo-Aggregations\\lib\\routes\\supremeCourtCases.js","statementMap":{"0":{"start":{"line":1,"column":19},"end":{"line":1,"column":37}},"1":{"start":{"line":2,"column":18},"end":{"line":2,"column":59}},"2":{"start":{"line":4,"column":0},"end":{"line":48,"column":5}},"3":{"start":{"line":6,"column":4},"end":{"line":9,"column":19}},"4":{"start":{"line":8,"column":25},"end":{"line":8,"column":44}},"5":{"start":{"line":13,"column":39},"end":{"line":13,"column":48}},"6":{"start":{"line":14,"column":4},"end":{"line":19,"column":19}},"7":{"start":{"line":18,"column":21},"end":{"line":18,"column":36}},"8":{"start":{"line":23,"column":4},"end":{"line":26,"column":19}},"9":{"start":{"line":25,"column":25},"end":{"line":25,"column":44}},"10":{"start":{"line":30,"column":4},"end":{"line":33,"column":19}},"11":{"start":{"line":32,"column":25},"end":{"line":32,"column":44}},"12":{"start":{"line":37,"column":4},"end":{"line":40,"column":19}},"13":{"start":{"line":39,"column":25},"end":{"line":39,"column":44}},"14":{"start":{"line":44,"column":4},"end":{"line":47,"column":19}},"15":{"start":{"line":46,"column":21},"end":{"line":46,"column":36}}},"fnMap":{"0":{"name":"(anonymous_0)","decl":{"start":{"line":5,"column":13},"end":{"line":5,"column":14}},"loc":{"start":{"line":5,"column":33},"end":{"line":10,"column":3}},"line":5},"1":{"name":"(anonymous_1)","decl":{"start":{"line":8,"column":12},"end":{"line":8,"column":13}},"loc":{"start":{"line":8,"column":25},"end":{"line":8,"column":44}},"line":8},"2":{"name":"(anonymous_2)","decl":{"start":{"line":12,"column":12},"end":{"line":12,"column":13}},"loc":{"start":{"line":12,"column":32},"end":{"line":20,"column":3}},"line":12},"3":{"name":"(anonymous_3)","decl":{"start":{"line":18,"column":12},"end":{"line":18,"column":13}},"loc":{"start":{"line":18,"column":21},"end":{"line":18,"column":36}},"line":18},"4":{"name":"(anonymous_4)","decl":{"start":{"line":22,"column":15},"end":{"line":22,"column":16}},"loc":{"start":{"line":22,"column":35},"end":{"line":27,"column":3}},"line":22},"5":{"name":"(anonymous_5)","decl":{"start":{"line":25,"column":12},"end":{"line":25,"column":13}},"loc":{"start":{"line":25,"column":25},"end":{"line":25,"column":44}},"line":25},"6":{"name":"(anonymous_6)","decl":{"start":{"line":29,"column":18},"end":{"line":29,"column":19}},"loc":{"start":{"line":29,"column":38},"end":{"line":34,"column":3}},"line":29},"7":{"name":"(anonymous_7)","decl":{"start":{"line":32,"column":12},"end":{"line":32,"column":13}},"loc":{"start":{"line":32,"column":25},"end":{"line":32,"column":44}},"line":32},"8":{"name":"(anonymous_8)","decl":{"start":{"line":36,"column":17},"end":{"line":36,"column":18}},"loc":{"start":{"line":36,"column":37},"end":{"line":41,"column":3}},"line":36},"9":{"name":"(anonymous_9)","decl":{"start":{"line":39,"column":12},"end":{"line":39,"column":13}},"loc":{"start":{"line":39,"column":25},"end":{"line":39,"column":44}},"line":39},"10":{"name":"(anonymous_10)","decl":{"start":{"line":43,"column":17},"end":{"line":43,"column":18}},"loc":{"start":{"line":43,"column":37},"end":{"line":48,"column":3}},"line":43},"11":{"name":"(anonymous_11)","decl":{"start":{"line":46,"column":12},"end":{"line":46,"column":13}},"loc":{"start":{"line":46,"column":21},"end":{"line":46,"column":36}},"line":46}},"branchMap":{"0":{"loc":{"start":{"line":13,"column":12},"end":{"line":13,"column":20}},"type":"default-arg","locations":[{"start":{"line":13,"column":19},"end":{"line":13,"column":20}}],"line":13},"1":{"loc":{"start":{"line":13,"column":22},"end":{"line":13,"column":34}},"type":"default-arg","locations":[{"start":{"line":13,"column":32},"end":{"line":13,"column":34}}],"line":13}},"s":{"0":2,"1":2,"2":2,"3":1,"4":1,"5":1,"6":1,"7":1,"8":2,"9":2,"10":1,"11":1,"12":1,"13":1,"14":0,"15":0},"f":{"0":1,"1":1,"2":1,"3":1,"4":2,"5":2,"6":1,"7":1,"8":1,"9":1,"10":0,"11":0},"b":{"0":[1],"1":[1]},"_coverageSchema":"43e27e138ebf9cfc5966b082cf9a028302ed4184","hash":"9f0e252d43020303166cfc1132537b2a3b99f23e"}
,"C:\\Users\\user\\alchemy\\bootcamp-three\\week-three\\labs\\More-Mongo-Aggregations\\lib\\utils\\connect.js": {"path":"C:\\Users\\user\\alchemy\\bootcamp-three\\week-three\\labs\\More-Mongo-Aggregations\\lib\\utils\\connect.js","statementMap":{"0":{"start":{"line":1,"column":17},"end":{"line":1,"column":36}},"1":{"start":{"line":2,"column":18},"end":{"line":2,"column":32}},"2":{"start":{"line":4,"column":0},"end":{"line":25,"column":2}},"3":{"start":{"line":5,"column":2},"end":{"line":10,"column":5}},"4":{"start":{"line":12,"column":2},"end":{"line":16,"column":5}},"5":{"start":{"line":13,"column":22},"end":{"line":13,"column":32}},"6":{"start":{"line":14,"column":24},"end":{"line":14,"column":109}},"7":{"start":{"line":15,"column":4},"end":{"line":15,"column":58}},"8":{"start":{"line":18,"column":2},"end":{"line":20,"column":5}},"9":{"start":{"line":19,"column":4},"end":{"line":19,"column":45}},"10":{"start":{"line":22,"column":2},"end":{"line":24,"column":5}},"11":{"start":{"line":23,"column":4},"end":{"line":23,"column":47}}},"fnMap":{"0":{"name":"(anonymous_0)","decl":{"start":{"line":4,"column":17},"end":{"line":4,"column":18}},"loc":{"start":{"line":4,"column":52},"end":{"line":25,"column":1}},"line":4},"1":{"name":"(anonymous_1)","decl":{"start":{"line":12,"column":38},"end":{"line":12,"column":39}},"loc":{"start":{"line":12,"column":44},"end":{"line":16,"column":3}},"line":12},"2":{"name":"(anonymous_2)","decl":{"start":{"line":18,"column":41},"end":{"line":18,"column":42}},"loc":{"start":{"line":18,"column":47},"end":{"line":20,"column":3}},"line":18},"3":{"name":"(anonymous_3)","decl":{"start":{"line":22,"column":34},"end":{"line":22,"column":35}},"loc":{"start":{"line":22,"column":40},"end":{"line":24,"column":3}},"line":22}},"branchMap":{"0":{"loc":{"start":{"line":4,"column":18},"end":{"line":4,"column":47}},"type":"default-arg","locations":[{"start":{"line":4,"column":24},"end":{"line":4,"column":47}}],"line":4}},"s":{"0":2,"1":2,"2":2,"3":2,"4":2,"5":2,"6":2,"7":2,"8":2,"9":2,"10":2,"11":0},"f":{"0":2,"1":2,"2":2,"3":0},"b":{"0":[2]},"_coverageSchema":"43e27e138ebf9cfc5966b082cf9a028302ed4184","hash":"dbbfa8874f77f910f40a4c431084b268e1f6f17d"}
,"C:\\Users\\user\\alchemy\\bootcamp-three\\week-three\\labs\\More-Mongo-Aggregations\\lib\\utils\\decoder.js": {"path":"C:\\Users\\user\\alchemy\\bootcamp-three\\week-three\\labs\\More-Mongo-Aggregations\\lib\\utils\\decoder.js","statementMap":{"0":{"start":{"line":1,"column":0},"end":{"line":1275,"column":2}}},"fnMap":{},"branchMap":{},"s":{"0":2},"f":{},"b":{},"_coverageSchema":"43e27e138ebf9cfc5966b082cf9a028302ed4184","hash":"eaa3621f1458837df319a7c7c20b3a091116f7e9"}
}
