TN:
SF:C:\Users\user\alchemy\bootcamp-three\week-three\labs\More-Mongo-Aggregations\lib\app.js
FNF:0
FNH:0
DA:1,2
DA:2,2
DA:4,2
DA:6,2
DA:7,2
DA:9,2
DA:10,2
DA:12,2
LF:8
LH:8
BRF:0
BRH:0
end_of_record
TN:
SF:C:\Users\user\alchemy\bootcamp-three\week-three\labs\More-Mongo-Aggregations\lib\middleware\decoderMiddleware.js
FN:4,decode
FNF:1
FNH:1
FNDA:6,decode
DA:1,2
DA:2,2
DA:5,6
DA:6,6
DA:7,6
DA:8,6
DA:9,6
DA:10,6
DA:11,6
DA:12,6
DA:13,6
DA:14,6
DA:15,6
DA:16,6
DA:17,6
DA:18,6
DA:19,6
DA:20,6
DA:23,2
LF:19
LH:19
BRDA:5,0,0,1
BRDA:5,0,1,5
BRDA:6,1,0,0
BRDA:6,1,1,6
BRDA:7,2,0,1
BRDA:7,2,1,5
BRDA:8,3,0,0
BRDA:8,3,1,6
BRDA:9,4,0,1
BRDA:9,4,1,5
BRDA:10,5,0,1
BRDA:10,5,1,5
BRDA:11,6,0,1
BRDA:11,6,1,5
BRDA:12,7,0,1
BRDA:12,7,1,5
BRDA:13,8,0,1
BRDA:13,8,1,5
BRDA:14,9,0,1
BRDA:14,9,1,5
BRDA:15,10,0,1
BRDA:15,10,1,5
BRDA:16,11,0,1
BRDA:16,11,1,5
BRDA:17,12,0,0
BRDA:17,12,1,6
BRDA:18,13,0,1
BRDA:18,13,1,5
BRDA:19,14,0,1
BRDA:19,14,1,5
BRF:30
BRH:27
end_of_record
TN:
SF:C:\Users\user\alchemy\bootcamp-three\week-three\labs\More-Mongo-Aggregations\lib\middleware\error.js
FN:4,(anonymous_0)
FNF:1
FNH:0
FNDA:0,(anonymous_0)
DA:1,2
DA:4,2
DA:5,0
DA:7,0
DA:9,0
DA:12,0
DA:14,0
DA:16,0
LF:8
LH:2
BRDA:5,0,0,0
BRDA:5,0,1,0
BRDA:7,1,0,0
BRDA:7,1,1,0
BRDA:7,2,0,0
BRDA:7,2,1,0
BRF:6
BRH:0
end_of_record
TN:
SF:C:\Users\user\alchemy\bootcamp-three\week-three\labs\More-Mongo-Aggregations\lib\middleware\not-found.js
FN:1,(anonymous_0)
FNF:1
FNH:0
FNDA:0,(anonymous_0)
DA:1,2
DA:2,0
DA:3,0
DA:4,0
LF:4
LH:1
BRF:0
BRH:0
end_of_record
TN:
SF:C:\Users\user\alchemy\bootcamp-three\week-three\labs\More-Mongo-Aggregations\lib\models\SupremeCourtCases.js
FN:33,(anonymous_0)
FNF:1
FNH:0
FNDA:0,(anonymous_0)
DA:1,2
DA:3,2
DA:33,2
DA:34,0
DA:57,2
LF:5
LH:4
BRF:0
BRH:0
end_of_record
TN:
SF:C:\Users\user\alchemy\bootcamp-three\week-three\labs\More-Mongo-Aggregations\lib\routes\supremeCourtCases.js
FN:5,(anonymous_0)
FN:8,(anonymous_1)
FN:12,(anonymous_2)
FN:18,(anonymous_3)
FN:22,(anonymous_4)
FN:25,(anonymous_5)
FN:29,(anonymous_6)
FN:32,(anonymous_7)
FN:36,(anonymous_8)
FN:39,(anonymous_9)
FN:43,(anonymous_10)
FN:46,(anonymous_11)
FNF:12
FNH:10
FNDA:1,(anonymous_0)
FNDA:1,(anonymous_1)
FNDA:1,(anonymous_2)
FNDA:1,(anonymous_3)
FNDA:2,(anonymous_4)
FNDA:2,(anonymous_5)
FNDA:1,(anonymous_6)
FNDA:1,(anonymous_7)
FNDA:1,(anonymous_8)
FNDA:1,(anonymous_9)
FNDA:0,(anonymous_10)
FNDA:0,(anonymous_11)
DA:1,2
DA:2,2
DA:4,2
DA:6,1
DA:8,1
DA:13,1
DA:14,1
DA:18,1
DA:23,2
DA:25,2
DA:30,1
DA:32,1
DA:37,1
DA:39,1
DA:44,0
DA:46,0
LF:16
LH:14
BRDA:13,0,0,1
BRDA:13,1,0,1
BRF:2
BRH:2
end_of_record
TN:
SF:C:\Users\user\alchemy\bootcamp-three\week-three\labs\More-Mongo-Aggregations\lib\utils\connect.js
FN:4,(anonymous_0)
FN:12,(anonymous_1)
FN:18,(anonymous_2)
FN:22,(anonymous_3)
FNF:4
FNH:3
FNDA:2,(anonymous_0)
FNDA:2,(anonymous_1)
FNDA:2,(anonymous_2)
FNDA:0,(anonymous_3)
DA:1,2
DA:2,2
DA:4,2
DA:5,2
DA:12,2
DA:13,2
DA:14,2
DA:15,2
DA:18,2
DA:19,2
DA:22,2
DA:23,0
LF:12
LH:11
BRDA:4,0,0,2
BRF:1
BRH:1
end_of_record
TN:
SF:C:\Users\user\alchemy\bootcamp-three\week-three\labs\More-Mongo-Aggregations\lib\utils\decoder.js
FNF:0
FNH:0
DA:1,2
LF:1
LH:1
BRF:0
BRH:0
end_of_record
